<?xml version="1.0" encoding="UTF-8" ?>
<testsuite failures="1" time="2.412" errors="0" skipped="0" tests="2" name="com.google.casinocoin.core.FullPrunedBlockChainTest">
  <properties>
    <property name="java.runtime.name" value="Java(TM) SE Runtime Environment"/>
    <property name="sun.boot.library.path" value="C:\Program Files\Java\jdk1.7.0_03\jre\bin"/>
    <property name="java.vm.version" value="22.1-b02"/>
    <property name="java.vm.vendor" value="Oracle Corporation"/>
    <property name="java.vendor.url" value="http://java.oracle.com/"/>
    <property name="path.separator" value=";"/>
    <property name="guice.disable.misplaced.annotation.check" value="true"/>
    <property name="java.vm.name" value="Java HotSpot(TM) 64-Bit Server VM"/>
    <property name="file.encoding.pkg" value="sun.io"/>
    <property name="user.script" value=""/>
    <property name="user.country" value="US"/>
    <property name="sun.java.launcher" value="SUN_STANDARD"/>
    <property name="sun.os.patch.level" value="Service Pack 1"/>
    <property name="java.vm.specification.name" value="Java Virtual Machine Specification"/>
    <property name="user.dir" value="E:\crypto\java\casinocoinj"/>
    <property name="java.runtime.version" value="1.7.0_03-b05"/>
    <property name="java.awt.graphicsenv" value="sun.awt.Win32GraphicsEnvironment"/>
    <property name="java.endorsed.dirs" value="C:\Program Files\Java\jdk1.7.0_03\jre\lib\endorsed"/>
    <property name="os.arch" value="amd64"/>
    <property name="java.io.tmpdir" value="C:\Users\SPYDER~1\AppData\Local\Temp\"/>
    <property name="line.separator" value="
"/>
    <property name="java.vm.specification.vendor" value="Oracle Corporation"/>
    <property name="user.variant" value=""/>
    <property name="os.name" value="Windows 7"/>
    <property name="classworlds.conf" value="C:\Program Files\apache-maven\bin\..\bin\m2.conf"/>
    <property name="sun.jnu.encoding" value="Cp1252"/>
    <property name="java.library.path" value="C:\Program Files\Java\jdk1.7.0_03\bin;C:\Windows\Sun\Java\bin;C:\Windows\system32;C:\Windows;C:\Perl64\site\bin;C:\Perl64\bin;C:\Program Files (x86)\Intel\iCLS Client\;C:\Program Files\Intel\iCLS Client\;C:\Windows\system32;C:\Windows;C:\Windows\System32\Wbem;C:\Windows\System32\WindowsPowerShell\v1.0\;C:\Program Files (x86)\Intel\OpenCL SDK\2.0\bin\x86;C:\Program Files (x86)\Intel\OpenCL SDK\2.0\bin\x64;C:\Program Files (x86)\ATI Technologies\ATI.ACE\Core-Static;C:\Program Files\Intel\Intel(R) Management Engine Components\DAL;C:\Program Files\Intel\Intel(R) Management Engine Components\IPT;C:\Program Files (x86)\Intel\Intel(R) Management Engine Components\DAL;C:\Program Files (x86)\Intel\Intel(R) Management Engine Components\IPT;C:\Program Files (x86)\Calibre2\;C:\cygwin\bin;E:\web\xampp\mysql\bin;C:\Program Files (x86)\Common Files\Acronis\SnapAPI\;E:\web\xampp\php;C:\MinGW\bin;C:\Program Files (x86)\Common Files\Adobe\AGL;C:\Program Files\apache-maven\bin;."/>
    <property name="java.specification.name" value="Java Platform API Specification"/>
    <property name="java.class.version" value="51.0"/>
    <property name="sun.management.compiler" value="HotSpot 64-Bit Tiered Compilers"/>
    <property name="os.version" value="6.1"/>
    <property name="user.home" value="C:\Users\SpyderRoll"/>
    <property name="user.timezone" value="America/Denver"/>
    <property name="java.awt.printerjob" value="sun.awt.windows.WPrinterJob"/>
    <property name="java.specification.version" value="1.7"/>
    <property name="file.encoding" value="Cp1252"/>
    <property name="user.name" value="SpyderRoll"/>
    <property name="java.class.path" value="C:\Program Files\apache-maven\bin\..\boot\plexus-classworlds-2.4.2.jar"/>
    <property name="org.slf4j.simpleLogger.defaultLogLevel" value="info"/>
    <property name="java.vm.specification.version" value="1.7"/>
    <property name="sun.arch.data.model" value="64"/>
    <property name="java.home" value="C:\Program Files\Java\jdk1.7.0_03\jre"/>
    <property name="sun.java.command" value="org.codehaus.plexus.classworlds.launcher.Launcher clean package"/>
    <property name="java.specification.vendor" value="Oracle Corporation"/>
    <property name="user.language" value="en"/>
    <property name="awt.toolkit" value="sun.awt.windows.WToolkit"/>
    <property name="java.vm.info" value="mixed mode"/>
    <property name="java.version" value="1.7.0_03"/>
    <property name="java.ext.dirs" value="C:\Program Files\Java\jdk1.7.0_03\jre\lib\ext;C:\Windows\Sun\Java\lib\ext"/>
    <property name="sun.boot.class.path" value="C:\Program Files\Java\jdk1.7.0_03\jre\lib\resources.jar;C:\Program Files\Java\jdk1.7.0_03\jre\lib\rt.jar;C:\Program Files\Java\jdk1.7.0_03\jre\lib\sunrsasign.jar;C:\Program Files\Java\jdk1.7.0_03\jre\lib\jsse.jar;C:\Program Files\Java\jdk1.7.0_03\jre\lib\jce.jar;C:\Program Files\Java\jdk1.7.0_03\jre\lib\charsets.jar;C:\Program Files\Java\jdk1.7.0_03\jre\classes"/>
    <property name="java.vendor" value="Oracle Corporation"/>
    <property name="maven.home" value="C:\Program Files\apache-maven\bin\.."/>
    <property name="file.separator" value="\"/>
    <property name="java.vendor.url.bug" value="http://bugreport.sun.com/bugreport/"/>
    <property name="sun.cpu.endian" value="little"/>
    <property name="sun.io.unicode.encoding" value="UnicodeLittle"/>
    <property name="sun.desktop" value="windows"/>
    <property name="sun.cpu.isalist" value="amd64"/>
  </properties>
  <testcase time="2.283" classname="com.google.casinocoin.core.FullPrunedBlockChainTest" name="testGeneratedChain">
    <failure type="java.lang.AssertionError:">java.lang.AssertionError: 
	at org.junit.Assert.fail(Assert.java:91)
	at org.junit.Assert.fail(Assert.java:98)
	at com.google.casinocoin.core.FullPrunedBlockChainTest.testGeneratedChain(FullPrunedBlockChainTest.java:80)
	at sun.reflect.NativeMethodAccessorImpl.invoke0(Native Method)
	at sun.reflect.NativeMethodAccessorImpl.invoke(NativeMethodAccessorImpl.java:57)
	at sun.reflect.DelegatingMethodAccessorImpl.invoke(DelegatingMethodAccessorImpl.java:43)
	at java.lang.reflect.Method.invoke(Method.java:601)
	at org.junit.runners.model.FrameworkMethod$1.runReflectiveCall(FrameworkMethod.java:44)
	at org.junit.internal.runners.model.ReflectiveCallable.run(ReflectiveCallable.java:15)
	at org.junit.runners.model.FrameworkMethod.invokeExplosively(FrameworkMethod.java:41)
	at org.junit.internal.runners.statements.InvokeMethod.evaluate(InvokeMethod.java:20)
	at org.junit.internal.runners.statements.RunBefores.evaluate(RunBefores.java:28)
	at org.junit.internal.runners.statements.RunAfters.evaluate(RunAfters.java:31)
	at org.junit.runners.BlockJUnit4ClassRunner.runNotIgnored(BlockJUnit4ClassRunner.java:79)
	at org.junit.runners.BlockJUnit4ClassRunner.runChild(BlockJUnit4ClassRunner.java:71)
	at org.junit.runners.BlockJUnit4ClassRunner.runChild(BlockJUnit4ClassRunner.java:49)
	at org.junit.runners.ParentRunner$3.run(ParentRunner.java:193)
	at org.junit.runners.ParentRunner$1.schedule(ParentRunner.java:52)
	at org.junit.runners.ParentRunner.runChildren(ParentRunner.java:191)
	at org.junit.runners.ParentRunner.access$000(ParentRunner.java:42)
	at org.junit.runners.ParentRunner$2.evaluate(ParentRunner.java:184)
	at org.junit.runners.ParentRunner.run(ParentRunner.java:236)
	at org.apache.maven.surefire.junit4.JUnit4TestSet.execute(JUnit4TestSet.java:53)
	at org.apache.maven.surefire.junit4.JUnit4Provider.executeTestSet(JUnit4Provider.java:123)
	at org.apache.maven.surefire.junit4.JUnit4Provider.invoke(JUnit4Provider.java:104)
	at sun.reflect.NativeMethodAccessorImpl.invoke0(Native Method)
	at sun.reflect.NativeMethodAccessorImpl.invoke(NativeMethodAccessorImpl.java:57)
	at sun.reflect.DelegatingMethodAccessorImpl.invoke(DelegatingMethodAccessorImpl.java:43)
	at java.lang.reflect.Method.invoke(Method.java:601)
	at org.apache.maven.surefire.util.ReflectionUtils.invokeMethodWithArray(ReflectionUtils.java:164)
	at org.apache.maven.surefire.booter.ProviderFactory$ProviderProxy.invoke(ProviderFactory.java:110)
	at org.apache.maven.surefire.booter.SurefireStarter.invokeProvider(SurefireStarter.java:172)
	at org.apache.maven.surefire.booter.SurefireStarter.runSuitesInProcessWhenForked(SurefireStarter.java:104)
	at org.apache.maven.surefire.booter.ForkedBooter.main(ForkedBooter.java:70)
</failure>
    <system-err>11:06:21 1 AbstractBlockChain.&lt;init&gt;: chain head is at height 0:
v1 block: 
   previous block: 0000000000000000000000000000000000000000000000000000000000000000
   merkle root: 6b56c40297ea6ebf5845595e3464ebc4db4c7cdcebd5eda9d44a1684b63c68c0
   time: [1375419978] Thu Aug 01 23:06:18 MDT 2013
   difficulty target (nBits): 545259519
   nonce: 2

11:06:22 1 AbstractBlockChain.connectBlock: Block forks the chain at height 6/block 3a5a354191a23cfc4c391c3800e0af019fe7f38381c558127ab00a9b71058ab2, but it did not cause a reorganize:
d37f059e6c194b87e1d0855638b136c7dc0b3a2c7e36747306845562d4939c3c
11:06:22 1 AbstractBlockChain.connectBlock: Block forks the chain at height 6/block 3a5a354191a23cfc4c391c3800e0af019fe7f38381c558127ab00a9b71058ab2, but it did not cause a reorganize:
d37f059e6c194b87e1d0855638b136c7dc0b3a2c7e36747306845562d4939c3c
11:06:22 1 AbstractBlockChain.connectBlock: Block is causing a re-organize
11:06:22 1 AbstractBlockChain.handleNewBestChain: Re-organize after split at height 6
11:06:22 1 AbstractBlockChain.handleNewBestChain: Old chain head: 16afb6d001363c2b5806fc624c4a3819962e36c47627784ddfd835db787cddb3
11:06:22 1 AbstractBlockChain.handleNewBestChain: New chain head: c9ee770cf165140898f64031ec2f1aeb1a80d5d5bbabb82214e6f218e697da44
11:06:22 1 AbstractBlockChain.handleNewBestChain: Split at block: 3a5a354191a23cfc4c391c3800e0af019fe7f38381c558127ab00a9b71058ab2
11:06:22 1 AbstractBlockChain.connectBlock: Block forks the chain at height 6/block 3a5a354191a23cfc4c391c3800e0af019fe7f38381c558127ab00a9b71058ab2, but it did not cause a reorganize:
d048a9211457ab61c4d041c7e853d9906493e9a6b4d4ba23d02271d477f9e114
11:06:22 1 AbstractBlockChain.connectBlock: Block is causing a re-organize
11:06:22 1 AbstractBlockChain.handleNewBestChain: Re-organize after split at height 6
11:06:22 1 AbstractBlockChain.handleNewBestChain: Old chain head: c9ee770cf165140898f64031ec2f1aeb1a80d5d5bbabb82214e6f218e697da44
11:06:22 1 AbstractBlockChain.handleNewBestChain: New chain head: d7634a888e0ee17ea2173de70122c625876bfde693cd0860997c5a1465d2b09b
11:06:22 1 AbstractBlockChain.handleNewBestChain: Split at block: 3a5a354191a23cfc4c391c3800e0af019fe7f38381c558127ab00a9b71058ab2
11:06:22 1 AbstractBlockChain.connectBlock: Block forks the chain at height 8/block d048a9211457ab61c4d041c7e853d9906493e9a6b4d4ba23d02271d477f9e114, but it did not cause a reorganize:
7e26ac45cd890d085837173923dc404fdd8db43670bf260358b24a4e5004a95f
11:06:22 1 AbstractBlockChain.connectBlock: Block is causing a re-organize
11:06:22 1 AbstractBlockChain.handleNewBestChain: Re-organize after split at height 8
11:06:22 1 AbstractBlockChain.handleNewBestChain: Old chain head: d7634a888e0ee17ea2173de70122c625876bfde693cd0860997c5a1465d2b09b
11:06:22 1 AbstractBlockChain.handleNewBestChain: New chain head: c5d8fb1cdb34d4dbe62e23f56eb5a4902257a0415e8f77d86fea9f090173338c
11:06:22 1 AbstractBlockChain.handleNewBestChain: Split at block: d048a9211457ab61c4d041c7e853d9906493e9a6b4d4ba23d02271d477f9e114
11:06:22 1 AbstractBlockChain.connectBlock: Block forks the chain at height 8/block d048a9211457ab61c4d041c7e853d9906493e9a6b4d4ba23d02271d477f9e114, but it did not cause a reorganize:
57e8117c1b9499a0864e65057c8c927ef4e68f1b65111204d361c8b5e37c4f2f
11:06:22 1 AbstractBlockChain.connectBlock: Block is causing a re-organize
11:06:22 1 AbstractBlockChain.handleNewBestChain: Re-organize after split at height 8
11:06:22 1 AbstractBlockChain.handleNewBestChain: Old chain head: d7634a888e0ee17ea2173de70122c625876bfde693cd0860997c5a1465d2b09b
11:06:22 1 AbstractBlockChain.handleNewBestChain: New chain head: 7f50b7f11b02828d87bddd35599411d22813f4553abaf8ce948444e8af3d1b6a
11:06:22 1 AbstractBlockChain.handleNewBestChain: Split at block: d048a9211457ab61c4d041c7e853d9906493e9a6b4d4ba23d02271d477f9e114
11:06:22 1 AbstractBlockChain.add: Block does not connect: 8a85984829874eff42c02bd71aef4d33e69a78e9de172b06c1b8723f70f57f34 prev 77f433430f17f7bd6d448c019d77514a6f4301e8a8564cbf21e9896b7deb56bb
11:06:22 1 AbstractBlockChain.add: Block does not connect: 365b2a14b7c739cfe2f2010ee20e75c80eecaa497a8c4846315d68922e3ba9af prev 8a85984829874eff42c02bd71aef4d33e69a78e9de172b06c1b8723f70f57f34
11:06:22 1 AbstractBlockChain.connectBlock: Block forks the chain at height 8/block d048a9211457ab61c4d041c7e853d9906493e9a6b4d4ba23d02271d477f9e114, but it did not cause a reorganize:
77f433430f17f7bd6d448c019d77514a6f4301e8a8564cbf21e9896b7deb56bb
11:06:22 1 AbstractBlockChain.connectBlock: Block is causing a re-organize
11:06:22 1 AbstractBlockChain.handleNewBestChain: Re-organize after split at height 8
11:06:22 1 AbstractBlockChain.handleNewBestChain: Old chain head: d7634a888e0ee17ea2173de70122c625876bfde693cd0860997c5a1465d2b09b
11:06:22 1 AbstractBlockChain.handleNewBestChain: New chain head: 8a85984829874eff42c02bd71aef4d33e69a78e9de172b06c1b8723f70f57f34
11:06:22 1 AbstractBlockChain.handleNewBestChain: Split at block: d048a9211457ab61c4d041c7e853d9906493e9a6b4d4ba23d02271d477f9e114
11:06:22 1 AbstractBlockChain.add: 15 blocks per second
11:06:22 1 AbstractBlockChain.connectBlock: Block forks the chain at height 10/block 8a85984829874eff42c02bd71aef4d33e69a78e9de172b06c1b8723f70f57f34, but it did not cause a reorganize:
365b2a14b7c739cfe2f2010ee20e75c80eecaa497a8c4846315d68922e3ba9af
11:06:22 1 AbstractBlockChain.tryConnectingOrphans: Connected 1 orphan blocks.
11:06:22 1 AbstractBlockChain.add: Failed to verify block: 
com.google.casinocoin.core.VerificationException: Block had too many Signature Operations
	at com.google.casinocoin.core.Block.checkSigOps(Block.java:649)
	at com.google.casinocoin.core.Block.verifyTransactions(Block.java:767)
	at com.google.casinocoin.core.AbstractBlockChain.add(AbstractBlockChain.java:335)
	at com.google.casinocoin.core.AbstractBlockChain.add(AbstractBlockChain.java:213)
	at com.google.casinocoin.core.FullPrunedBlockChainTest.testGeneratedChain(FullPrunedBlockChainTest.java:78)
	at sun.reflect.NativeMethodAccessorImpl.invoke0(Native Method)
	at sun.reflect.NativeMethodAccessorImpl.invoke(NativeMethodAccessorImpl.java:57)
	at sun.reflect.DelegatingMethodAccessorImpl.invoke(DelegatingMethodAccessorImpl.java:43)
	at java.lang.reflect.Method.invoke(Method.java:601)
	at org.junit.runners.model.FrameworkMethod$1.runReflectiveCall(FrameworkMethod.java:44)
	at org.junit.internal.runners.model.ReflectiveCallable.run(ReflectiveCallable.java:15)
	at org.junit.runners.model.FrameworkMethod.invokeExplosively(FrameworkMethod.java:41)
	at org.junit.internal.runners.statements.InvokeMethod.evaluate(InvokeMethod.java:20)
	at org.junit.internal.runners.statements.RunBefores.evaluate(RunBefores.java:28)
	at org.junit.internal.runners.statements.RunAfters.evaluate(RunAfters.java:31)
	at org.junit.runners.BlockJUnit4ClassRunner.runNotIgnored(BlockJUnit4ClassRunner.java:79)
	at org.junit.runners.BlockJUnit4ClassRunner.runChild(BlockJUnit4ClassRunner.java:71)
	at org.junit.runners.BlockJUnit4ClassRunner.runChild(BlockJUnit4ClassRunner.java:49)
	at org.junit.runners.ParentRunner$3.run(ParentRunner.java:193)
	at org.junit.runners.ParentRunner$1.schedule(ParentRunner.java:52)
	at org.junit.runners.ParentRunner.runChildren(ParentRunner.java:191)
	at org.junit.runners.ParentRunner.access$000(ParentRunner.java:42)
	at org.junit.runners.ParentRunner$2.evaluate(ParentRunner.java:184)
	at org.junit.runners.ParentRunner.run(ParentRunner.java:236)
	at org.apache.maven.surefire.junit4.JUnit4TestSet.execute(JUnit4TestSet.java:53)
	at org.apache.maven.surefire.junit4.JUnit4Provider.executeTestSet(JUnit4Provider.java:123)
	at org.apache.maven.surefire.junit4.JUnit4Provider.invoke(JUnit4Provider.java:104)
	at sun.reflect.NativeMethodAccessorImpl.invoke0(Native Method)
	at sun.reflect.NativeMethodAccessorImpl.invoke(NativeMethodAccessorImpl.java:57)
	at sun.reflect.DelegatingMethodAccessorImpl.invoke(DelegatingMethodAccessorImpl.java:43)
	at java.lang.reflect.Method.invoke(Method.java:601)
	at org.apache.maven.surefire.util.ReflectionUtils.invokeMethodWithArray(ReflectionUtils.java:164)
	at org.apache.maven.surefire.booter.ProviderFactory$ProviderProxy.invoke(ProviderFactory.java:110)
	at org.apache.maven.surefire.booter.SurefireStarter.invokeProvider(SurefireStarter.java:172)
	at org.apache.maven.surefire.booter.SurefireStarter.runSuitesInProcessWhenForked(SurefireStarter.java:104)
	at org.apache.maven.surefire.booter.ForkedBooter.main(ForkedBooter.java:70)
11:06:22 1 AbstractBlockChain.add: df20b992d3d38048665b6c9ec456aa52e708549d1e3782b912b14562933e48df
11:06:22 1 AbstractBlockChain.connectBlock: Block forks the chain at height 10/block 8a85984829874eff42c02bd71aef4d33e69a78e9de172b06c1b8723f70f57f34, but it did not cause a reorganize:
ecaaa357e576da01f2071e2b094775da8af8e9d865755f13e09a215fd3f462cb
11:06:22 1 AbstractBlockChain.connectBlock: Block is causing a re-organize
11:06:22 1 AbstractBlockChain.handleNewBestChain: Re-organize after split at height 10
11:06:22 1 AbstractBlockChain.handleNewBestChain: Old chain head: 3c3d02498b739aac75dfd9e35972e95189ccfa4a96f2f15d703eefdee9fb21c0
11:06:22 1 AbstractBlockChain.handleNewBestChain: New chain head: fac79a832757aace0a0d997bbbb2af3acc2dd8d864694cb1868c38b40e3e905d
11:06:22 1 AbstractBlockChain.handleNewBestChain: Split at block: 8a85984829874eff42c02bd71aef4d33e69a78e9de172b06c1b8723f70f57f34
11:06:22 1 AbstractBlockChain.connectBlock: Block forks the chain at height 10/block 8a85984829874eff42c02bd71aef4d33e69a78e9de172b06c1b8723f70f57f34, but it did not cause a reorganize:
ef53938495de03974f2588bf97181b6bade96cbbdc735abd390ea7d1a8c2da35
11:06:22 1 AbstractBlockChain.connectBlock: Block is causing a re-organize
11:06:22 1 AbstractBlockChain.handleNewBestChain: Re-organize after split at height 10
11:06:22 1 AbstractBlockChain.handleNewBestChain: Old chain head: 3c3d02498b739aac75dfd9e35972e95189ccfa4a96f2f15d703eefdee9fb21c0
11:06:22 1 AbstractBlockChain.handleNewBestChain: New chain head: 4fca4db1c51b324199dac74f5ed34b5bbbcd2e4b5b19505cf4540a6dba0c69f9
11:06:22 1 AbstractBlockChain.handleNewBestChain: Split at block: 8a85984829874eff42c02bd71aef4d33e69a78e9de172b06c1b8723f70f57f34
11:06:22 1 AbstractBlockChain.add: Failed to verify block: 
com.google.casinocoin.core.VerificationException: Block larger than MAX_BLOCK_SIZE
	at com.google.casinocoin.core.Block.verifyTransactions(Block.java:764)
	at com.google.casinocoin.core.AbstractBlockChain.add(AbstractBlockChain.java:335)
	at com.google.casinocoin.core.AbstractBlockChain.add(AbstractBlockChain.java:213)
	at com.google.casinocoin.core.FullPrunedBlockChainTest.testGeneratedChain(FullPrunedBlockChainTest.java:78)
	at sun.reflect.NativeMethodAccessorImpl.invoke0(Native Method)
	at sun.reflect.NativeMethodAccessorImpl.invoke(NativeMethodAccessorImpl.java:57)
	at sun.reflect.DelegatingMethodAccessorImpl.invoke(DelegatingMethodAccessorImpl.java:43)
	at java.lang.reflect.Method.invoke(Method.java:601)
	at org.junit.runners.model.FrameworkMethod$1.runReflectiveCall(FrameworkMethod.java:44)
	at org.junit.internal.runners.model.ReflectiveCallable.run(ReflectiveCallable.java:15)
	at org.junit.runners.model.FrameworkMethod.invokeExplosively(FrameworkMethod.java:41)
	at org.junit.internal.runners.statements.InvokeMethod.evaluate(InvokeMethod.java:20)
	at org.junit.internal.runners.statements.RunBefores.evaluate(RunBefores.java:28)
	at org.junit.internal.runners.statements.RunAfters.evaluate(RunAfters.java:31)
	at org.junit.runners.BlockJUnit4ClassRunner.runNotIgnored(BlockJUnit4ClassRunner.java:79)
	at org.junit.runners.BlockJUnit4ClassRunner.runChild(BlockJUnit4ClassRunner.java:71)
	at org.junit.runners.BlockJUnit4ClassRunner.runChild(BlockJUnit4ClassRunner.java:49)
	at org.junit.runners.ParentRunner$3.run(ParentRunner.java:193)
	at org.junit.runners.ParentRunner$1.schedule(ParentRunner.java:52)
	at org.junit.runners.ParentRunner.runChildren(ParentRunner.java:191)
	at org.junit.runners.ParentRunner.access$000(ParentRunner.java:42)
	at org.junit.runners.ParentRunner$2.evaluate(ParentRunner.java:184)
	at org.junit.runners.ParentRunner.run(ParentRunner.java:236)
	at org.apache.maven.surefire.junit4.JUnit4TestSet.execute(JUnit4TestSet.java:53)
	at org.apache.maven.surefire.junit4.JUnit4Provider.executeTestSet(JUnit4Provider.java:123)
	at org.apache.maven.surefire.junit4.JUnit4Provider.invoke(JUnit4Provider.java:104)
	at sun.reflect.NativeMethodAccessorImpl.invoke0(Native Method)
	at sun.reflect.NativeMethodAccessorImpl.invoke(NativeMethodAccessorImpl.java:57)
	at sun.reflect.DelegatingMethodAccessorImpl.invoke(DelegatingMethodAccessorImpl.java:43)
	at java.lang.reflect.Method.invoke(Method.java:601)
	at org.apache.maven.surefire.util.ReflectionUtils.invokeMethodWithArray(ReflectionUtils.java:164)
	at org.apache.maven.surefire.booter.ProviderFactory$ProviderProxy.invoke(ProviderFactory.java:110)
	at org.apache.maven.surefire.booter.SurefireStarter.invokeProvider(SurefireStarter.java:172)
	at org.apache.maven.surefire.booter.SurefireStarter.runSuitesInProcessWhenForked(SurefireStarter.java:104)
	at org.apache.maven.surefire.booter.ForkedBooter.main(ForkedBooter.java:70)
11:06:22 1 AbstractBlockChain.add: 1ed1b8c7098a3a097f0c3b93cbd56356e76f8eb6406abb38ea0b37fd5688dca7
11:06:22 1 AbstractBlockChain.add: Block does not connect: bfd7f6d58d5e2e89ac255bc31562ba44acdbcbbc9ccb374f1a3f1e8cd182eb2e prev 1ed1b8c7098a3a097f0c3b93cbd56356e76f8eb6406abb38ea0b37fd5688dca7
11:06:22 1 AbstractBlockChain.add: Failed to verify block: 
com.google.casinocoin.core.VerificationException: Coinbase script size out of range
	at com.google.casinocoin.core.Transaction.verify(Transaction.java:1049)
	at com.google.casinocoin.core.Block.verifyTransactions(Block.java:769)
	at com.google.casinocoin.core.AbstractBlockChain.add(AbstractBlockChain.java:335)
	at com.google.casinocoin.core.AbstractBlockChain.add(AbstractBlockChain.java:213)
	at com.google.casinocoin.core.FullPrunedBlockChainTest.testGeneratedChain(FullPrunedBlockChainTest.java:78)
	at sun.reflect.NativeMethodAccessorImpl.invoke0(Native Method)
	at sun.reflect.NativeMethodAccessorImpl.invoke(NativeMethodAccessorImpl.java:57)
	at sun.reflect.DelegatingMethodAccessorImpl.invoke(DelegatingMethodAccessorImpl.java:43)
	at java.lang.reflect.Method.invoke(Method.java:601)
	at org.junit.runners.model.FrameworkMethod$1.runReflectiveCall(FrameworkMethod.java:44)
	at org.junit.internal.runners.model.ReflectiveCallable.run(ReflectiveCallable.java:15)
	at org.junit.runners.model.FrameworkMethod.invokeExplosively(FrameworkMethod.java:41)
	at org.junit.internal.runners.statements.InvokeMethod.evaluate(InvokeMethod.java:20)
	at org.junit.internal.runners.statements.RunBefores.evaluate(RunBefores.java:28)
	at org.junit.internal.runners.statements.RunAfters.evaluate(RunAfters.java:31)
	at org.junit.runners.BlockJUnit4ClassRunner.runNotIgnored(BlockJUnit4ClassRunner.java:79)
	at org.junit.runners.BlockJUnit4ClassRunner.runChild(BlockJUnit4ClassRunner.java:71)
	at org.junit.runners.BlockJUnit4ClassRunner.runChild(BlockJUnit4ClassRunner.java:49)
	at org.junit.runners.ParentRunner$3.run(ParentRunner.java:193)
	at org.junit.runners.ParentRunner$1.schedule(ParentRunner.java:52)
	at org.junit.runners.ParentRunner.runChildren(ParentRunner.java:191)
	at org.junit.runners.ParentRunner.access$000(ParentRunner.java:42)
	at org.junit.runners.ParentRunner$2.evaluate(ParentRunner.java:184)
	at org.junit.runners.ParentRunner.run(ParentRunner.java:236)
	at org.apache.maven.surefire.junit4.JUnit4TestSet.execute(JUnit4TestSet.java:53)
	at org.apache.maven.surefire.junit4.JUnit4Provider.executeTestSet(JUnit4Provider.java:123)
	at org.apache.maven.surefire.junit4.JUnit4Provider.invoke(JUnit4Provider.java:104)
	at sun.reflect.NativeMethodAccessorImpl.invoke0(Native Method)
	at sun.reflect.NativeMethodAccessorImpl.invoke(NativeMethodAccessorImpl.java:57)
	at sun.reflect.DelegatingMethodAccessorImpl.invoke(DelegatingMethodAccessorImpl.java:43)
	at java.lang.reflect.Method.invoke(Method.java:601)
	at org.apache.maven.surefire.util.ReflectionUtils.invokeMethodWithArray(ReflectionUtils.java:164)
	at org.apache.maven.surefire.booter.ProviderFactory$ProviderProxy.invoke(ProviderFactory.java:110)
	at org.apache.maven.surefire.booter.SurefireStarter.invokeProvider(SurefireStarter.java:172)
	at org.apache.maven.surefire.booter.SurefireStarter.runSuitesInProcessWhenForked(SurefireStarter.java:104)
	at org.apache.maven.surefire.booter.ForkedBooter.main(ForkedBooter.java:70)
11:06:22 1 AbstractBlockChain.add: 3acf625ece4028a44a79b5c7d58d870724569452c4959227d11470837b8ed8ae
11:06:22 1 AbstractBlockChain.add: Block does not connect: 92679015ec7abda1280f263dd4465dee927e2ca0fa241a28b8e985e30799872a prev 3acf625ece4028a44a79b5c7d58d870724569452c4959227d11470837b8ed8ae
11:06:22 1 AbstractBlockChain.add: Failed to verify block: 
com.google.casinocoin.core.VerificationException: Coinbase script size out of range
	at com.google.casinocoin.core.Transaction.verify(Transaction.java:1049)
	at com.google.casinocoin.core.Block.verifyTransactions(Block.java:769)
	at com.google.casinocoin.core.AbstractBlockChain.add(AbstractBlockChain.java:335)
	at com.google.casinocoin.core.AbstractBlockChain.add(AbstractBlockChain.java:213)
	at com.google.casinocoin.core.FullPrunedBlockChainTest.testGeneratedChain(FullPrunedBlockChainTest.java:78)
	at sun.reflect.NativeMethodAccessorImpl.invoke0(Native Method)
	at sun.reflect.NativeMethodAccessorImpl.invoke(NativeMethodAccessorImpl.java:57)
	at sun.reflect.DelegatingMethodAccessorImpl.invoke(DelegatingMethodAccessorImpl.java:43)
	at java.lang.reflect.Method.invoke(Method.java:601)
	at org.junit.runners.model.FrameworkMethod$1.runReflectiveCall(FrameworkMethod.java:44)
	at org.junit.internal.runners.model.ReflectiveCallable.run(ReflectiveCallable.java:15)
	at org.junit.runners.model.FrameworkMethod.invokeExplosively(FrameworkMethod.java:41)
	at org.junit.internal.runners.statements.InvokeMethod.evaluate(InvokeMethod.java:20)
	at org.junit.internal.runners.statements.RunBefores.evaluate(RunBefores.java:28)
	at org.junit.internal.runners.statements.RunAfters.evaluate(RunAfters.java:31)
	at org.junit.runners.BlockJUnit4ClassRunner.runNotIgnored(BlockJUnit4ClassRunner.java:79)
	at org.junit.runners.BlockJUnit4ClassRunner.runChild(BlockJUnit4ClassRunner.java:71)
	at org.junit.runners.BlockJUnit4ClassRunner.runChild(BlockJUnit4ClassRunner.java:49)
	at org.junit.runners.ParentRunner$3.run(ParentRunner.java:193)
	at org.junit.runners.ParentRunner$1.schedule(ParentRunner.java:52)
	at org.junit.runners.ParentRunner.runChildren(ParentRunner.java:191)
	at org.junit.runners.ParentRunner.access$000(ParentRunner.java:42)
	at org.junit.runners.ParentRunner$2.evaluate(ParentRunner.java:184)
	at org.junit.runners.ParentRunner.run(ParentRunner.java:236)
	at org.apache.maven.surefire.junit4.JUnit4TestSet.execute(JUnit4TestSet.java:53)
	at org.apache.maven.surefire.junit4.JUnit4Provider.executeTestSet(JUnit4Provider.java:123)
	at org.apache.maven.surefire.junit4.JUnit4Provider.invoke(JUnit4Provider.java:104)
	at sun.reflect.NativeMethodAccessorImpl.invoke0(Native Method)
	at sun.reflect.NativeMethodAccessorImpl.invoke(NativeMethodAccessorImpl.java:57)
	at sun.reflect.DelegatingMethodAccessorImpl.invoke(DelegatingMethodAccessorImpl.java:43)
	at java.lang.reflect.Method.invoke(Method.java:601)
	at org.apache.maven.surefire.util.ReflectionUtils.invokeMethodWithArray(ReflectionUtils.java:164)
	at org.apache.maven.surefire.booter.ProviderFactory$ProviderProxy.invoke(ProviderFactory.java:110)
	at org.apache.maven.surefire.booter.SurefireStarter.invokeProvider(SurefireStarter.java:172)
	at org.apache.maven.surefire.booter.SurefireStarter.runSuitesInProcessWhenForked(SurefireStarter.java:104)
	at org.apache.maven.surefire.booter.ForkedBooter.main(ForkedBooter.java:70)
11:06:22 1 AbstractBlockChain.add: 3b31aa41c05a43f776281acbbf786b950c612f66a1c0844746796b495572e089
11:06:22 1 AbstractBlockChain.add: Block does not connect: 351e31bcda0851625953abee78fa96bc432a2d845aa94509a9e84a5bdca49ec7 prev 3b31aa41c05a43f776281acbbf786b950c612f66a1c0844746796b495572e089
11:06:22 1 AbstractBlockChain.add: Failed to verify block: 
com.google.casinocoin.core.VerificationException: Block had too many Signature Operations
	at com.google.casinocoin.core.Block.checkSigOps(Block.java:649)
	at com.google.casinocoin.core.Block.verifyTransactions(Block.java:767)
	at com.google.casinocoin.core.AbstractBlockChain.add(AbstractBlockChain.java:335)
	at com.google.casinocoin.core.AbstractBlockChain.add(AbstractBlockChain.java:213)
	at com.google.casinocoin.core.FullPrunedBlockChainTest.testGeneratedChain(FullPrunedBlockChainTest.java:78)
	at sun.reflect.NativeMethodAccessorImpl.invoke0(Native Method)
	at sun.reflect.NativeMethodAccessorImpl.invoke(NativeMethodAccessorImpl.java:57)
	at sun.reflect.DelegatingMethodAccessorImpl.invoke(DelegatingMethodAccessorImpl.java:43)
	at java.lang.reflect.Method.invoke(Method.java:601)
	at org.junit.runners.model.FrameworkMethod$1.runReflectiveCall(FrameworkMethod.java:44)
	at org.junit.internal.runners.model.ReflectiveCallable.run(ReflectiveCallable.java:15)
	at org.junit.runners.model.FrameworkMethod.invokeExplosively(FrameworkMethod.java:41)
	at org.junit.internal.runners.statements.InvokeMethod.evaluate(InvokeMethod.java:20)
	at org.junit.internal.runners.statements.RunBefores.evaluate(RunBefores.java:28)
	at org.junit.internal.runners.statements.RunAfters.evaluate(RunAfters.java:31)
	at org.junit.runners.BlockJUnit4ClassRunner.runNotIgnored(BlockJUnit4ClassRunner.java:79)
	at org.junit.runners.BlockJUnit4ClassRunner.runChild(BlockJUnit4ClassRunner.java:71)
	at org.junit.runners.BlockJUnit4ClassRunner.runChild(BlockJUnit4ClassRunner.java:49)
	at org.junit.runners.ParentRunner$3.run(ParentRunner.java:193)
	at org.junit.runners.ParentRunner$1.schedule(ParentRunner.java:52)
	at org.junit.runners.ParentRunner.runChildren(ParentRunner.java:191)
	at org.junit.runners.ParentRunner.access$000(ParentRunner.java:42)
	at org.junit.runners.ParentRunner$2.evaluate(ParentRunner.java:184)
	at org.junit.runners.ParentRunner.run(ParentRunner.java:236)
	at org.apache.maven.surefire.junit4.JUnit4TestSet.execute(JUnit4TestSet.java:53)
	at org.apache.maven.surefire.junit4.JUnit4Provider.executeTestSet(JUnit4Provider.java:123)
	at org.apache.maven.surefire.junit4.JUnit4Provider.invoke(JUnit4Provider.java:104)
	at sun.reflect.NativeMethodAccessorImpl.invoke0(Native Method)
	at sun.reflect.NativeMethodAccessorImpl.invoke(NativeMethodAccessorImpl.java:57)
	at sun.reflect.DelegatingMethodAccessorImpl.invoke(DelegatingMethodAccessorImpl.java:43)
	at java.lang.reflect.Method.invoke(Method.java:601)
	at org.apache.maven.surefire.util.ReflectionUtils.invokeMethodWithArray(ReflectionUtils.java:164)
	at org.apache.maven.surefire.booter.ProviderFactory$ProviderProxy.invoke(ProviderFactory.java:110)
	at org.apache.maven.surefire.booter.SurefireStarter.invokeProvider(SurefireStarter.java:172)
	at org.apache.maven.surefire.booter.SurefireStarter.runSuitesInProcessWhenForked(SurefireStarter.java:104)
	at org.apache.maven.surefire.booter.ForkedBooter.main(ForkedBooter.java:70)
11:06:22 1 AbstractBlockChain.add: 7aa23bc497cb52815b90a8bc66704fa718a351fdc54fd89db34a7b6872a6c4a6
11:06:22 1 AbstractBlockChain.add: Failed to verify block: 
com.google.casinocoin.core.VerificationException: Block had too many Signature Operations
	at com.google.casinocoin.core.Block.checkSigOps(Block.java:649)
	at com.google.casinocoin.core.Block.verifyTransactions(Block.java:767)
	at com.google.casinocoin.core.AbstractBlockChain.add(AbstractBlockChain.java:335)
	at com.google.casinocoin.core.AbstractBlockChain.add(AbstractBlockChain.java:213)
	at com.google.casinocoin.core.FullPrunedBlockChainTest.testGeneratedChain(FullPrunedBlockChainTest.java:78)
	at sun.reflect.NativeMethodAccessorImpl.invoke0(Native Method)
	at sun.reflect.NativeMethodAccessorImpl.invoke(NativeMethodAccessorImpl.java:57)
	at sun.reflect.DelegatingMethodAccessorImpl.invoke(DelegatingMethodAccessorImpl.java:43)
	at java.lang.reflect.Method.invoke(Method.java:601)
	at org.junit.runners.model.FrameworkMethod$1.runReflectiveCall(FrameworkMethod.java:44)
	at org.junit.internal.runners.model.ReflectiveCallable.run(ReflectiveCallable.java:15)
	at org.junit.runners.model.FrameworkMethod.invokeExplosively(FrameworkMethod.java:41)
	at org.junit.internal.runners.statements.InvokeMethod.evaluate(InvokeMethod.java:20)
	at org.junit.internal.runners.statements.RunBefores.evaluate(RunBefores.java:28)
	at org.junit.internal.runners.statements.RunAfters.evaluate(RunAfters.java:31)
	at org.junit.runners.BlockJUnit4ClassRunner.runNotIgnored(BlockJUnit4ClassRunner.java:79)
	at org.junit.runners.BlockJUnit4ClassRunner.runChild(BlockJUnit4ClassRunner.java:71)
	at org.junit.runners.BlockJUnit4ClassRunner.runChild(BlockJUnit4ClassRunner.java:49)
	at org.junit.runners.ParentRunner$3.run(ParentRunner.java:193)
	at org.junit.runners.ParentRunner$1.schedule(ParentRunner.java:52)
	at org.junit.runners.ParentRunner.runChildren(ParentRunner.java:191)
	at org.junit.runners.ParentRunner.access$000(ParentRunner.java:42)
	at org.junit.runners.ParentRunner$2.evaluate(ParentRunner.java:184)
	at org.junit.runners.ParentRunner.run(ParentRunner.java:236)
	at org.apache.maven.surefire.junit4.JUnit4TestSet.execute(JUnit4TestSet.java:53)
	at org.apache.maven.surefire.junit4.JUnit4Provider.executeTestSet(JUnit4Provider.java:123)
	at org.apache.maven.surefire.junit4.JUnit4Provider.invoke(JUnit4Provider.java:104)
	at sun.reflect.NativeMethodAccessorImpl.invoke0(Native Method)
	at sun.reflect.NativeMethodAccessorImpl.invoke(NativeMethodAccessorImpl.java:57)
	at sun.reflect.DelegatingMethodAccessorImpl.invoke(DelegatingMethodAccessorImpl.java:43)
	at java.lang.reflect.Method.invoke(Method.java:601)
	at org.apache.maven.surefire.util.ReflectionUtils.invokeMethodWithArray(ReflectionUtils.java:164)
	at org.apache.maven.surefire.booter.ProviderFactory$ProviderProxy.invoke(ProviderFactory.java:110)
	at org.apache.maven.surefire.booter.SurefireStarter.invokeProvider(SurefireStarter.java:172)
	at org.apache.maven.surefire.booter.SurefireStarter.runSuitesInProcessWhenForked(SurefireStarter.java:104)
	at org.apache.maven.surefire.booter.ForkedBooter.main(ForkedBooter.java:70)
11:06:22 1 AbstractBlockChain.add: ffd3ba7f47fed6dc9ecb6eb571194a851f37bc12095f7906ca246a483c98b8cb
11:06:22 1 AbstractBlockChain.add: Failed to verify block: 
com.google.casinocoin.core.VerificationException: Block had too many Signature Operations
	at com.google.casinocoin.core.Block.checkSigOps(Block.java:649)
	at com.google.casinocoin.core.Block.verifyTransactions(Block.java:767)
	at com.google.casinocoin.core.AbstractBlockChain.add(AbstractBlockChain.java:335)
	at com.google.casinocoin.core.AbstractBlockChain.add(AbstractBlockChain.java:213)
	at com.google.casinocoin.core.FullPrunedBlockChainTest.testGeneratedChain(FullPrunedBlockChainTest.java:78)
	at sun.reflect.NativeMethodAccessorImpl.invoke0(Native Method)
	at sun.reflect.NativeMethodAccessorImpl.invoke(NativeMethodAccessorImpl.java:57)
	at sun.reflect.DelegatingMethodAccessorImpl.invoke(DelegatingMethodAccessorImpl.java:43)
	at java.lang.reflect.Method.invoke(Method.java:601)
	at org.junit.runners.model.FrameworkMethod$1.runReflectiveCall(FrameworkMethod.java:44)
	at org.junit.internal.runners.model.ReflectiveCallable.run(ReflectiveCallable.java:15)
	at org.junit.runners.model.FrameworkMethod.invokeExplosively(FrameworkMethod.java:41)
	at org.junit.internal.runners.statements.InvokeMethod.evaluate(InvokeMethod.java:20)
	at org.junit.internal.runners.statements.RunBefores.evaluate(RunBefores.java:28)
	at org.junit.internal.runners.statements.RunAfters.evaluate(RunAfters.java:31)
	at org.junit.runners.BlockJUnit4ClassRunner.runNotIgnored(BlockJUnit4ClassRunner.java:79)
	at org.junit.runners.BlockJUnit4ClassRunner.runChild(BlockJUnit4ClassRunner.java:71)
	at org.junit.runners.BlockJUnit4ClassRunner.runChild(BlockJUnit4ClassRunner.java:49)
	at org.junit.runners.ParentRunner$3.run(ParentRunner.java:193)
	at org.junit.runners.ParentRunner$1.schedule(ParentRunner.java:52)
	at org.junit.runners.ParentRunner.runChildren(ParentRunner.java:191)
	at org.junit.runners.ParentRunner.access$000(ParentRunner.java:42)
	at org.junit.runners.ParentRunner$2.evaluate(ParentRunner.java:184)
	at org.junit.runners.ParentRunner.run(ParentRunner.java:236)
	at org.apache.maven.surefire.junit4.JUnit4TestSet.execute(JUnit4TestSet.java:53)
	at org.apache.maven.surefire.junit4.JUnit4Provider.executeTestSet(JUnit4Provider.java:123)
	at org.apache.maven.surefire.junit4.JUnit4Provider.invoke(JUnit4Provider.java:104)
	at sun.reflect.NativeMethodAccessorImpl.invoke0(Native Method)
	at sun.reflect.NativeMethodAccessorImpl.invoke(NativeMethodAccessorImpl.java:57)
	at sun.reflect.DelegatingMethodAccessorImpl.invoke(DelegatingMethodAccessorImpl.java:43)
	at java.lang.reflect.Method.invoke(Method.java:601)
	at org.apache.maven.surefire.util.ReflectionUtils.invokeMethodWithArray(ReflectionUtils.java:164)
	at org.apache.maven.surefire.booter.ProviderFactory$ProviderProxy.invoke(ProviderFactory.java:110)
	at org.apache.maven.surefire.booter.SurefireStarter.invokeProvider(SurefireStarter.java:172)
	at org.apache.maven.surefire.booter.SurefireStarter.runSuitesInProcessWhenForked(SurefireStarter.java:104)
	at org.apache.maven.surefire.booter.ForkedBooter.main(ForkedBooter.java:70)
11:06:22 1 AbstractBlockChain.add: 15083a085989cfa2cad8e2a4a5b33b5a83bfa5d70817c0c600901cf44e422b5d
11:06:23 1 AbstractBlockChain.add: 10 blocks per second
11:06:23 1 AbstractBlockChain.add: Failed to verify block: 
com.google.casinocoin.core.VerificationException: First tx is not coinbase
	at com.google.casinocoin.core.Block.checkTransactions(Block.java:723)
	at com.google.casinocoin.core.Block.verifyTransactions(Block.java:765)
	at com.google.casinocoin.core.AbstractBlockChain.add(AbstractBlockChain.java:335)
	at com.google.casinocoin.core.AbstractBlockChain.add(AbstractBlockChain.java:213)
	at com.google.casinocoin.core.FullPrunedBlockChainTest.testGeneratedChain(FullPrunedBlockChainTest.java:78)
	at sun.reflect.NativeMethodAccessorImpl.invoke0(Native Method)
	at sun.reflect.NativeMethodAccessorImpl.invoke(NativeMethodAccessorImpl.java:57)
	at sun.reflect.DelegatingMethodAccessorImpl.invoke(DelegatingMethodAccessorImpl.java:43)
	at java.lang.reflect.Method.invoke(Method.java:601)
	at org.junit.runners.model.FrameworkMethod$1.runReflectiveCall(FrameworkMethod.java:44)
	at org.junit.internal.runners.model.ReflectiveCallable.run(ReflectiveCallable.java:15)
	at org.junit.runners.model.FrameworkMethod.invokeExplosively(FrameworkMethod.java:41)
	at org.junit.internal.runners.statements.InvokeMethod.evaluate(InvokeMethod.java:20)
	at org.junit.internal.runners.statements.RunBefores.evaluate(RunBefores.java:28)
	at org.junit.internal.runners.statements.RunAfters.evaluate(RunAfters.java:31)
	at org.junit.runners.BlockJUnit4ClassRunner.runNotIgnored(BlockJUnit4ClassRunner.java:79)
	at org.junit.runners.BlockJUnit4ClassRunner.runChild(BlockJUnit4ClassRunner.java:71)
	at org.junit.runners.BlockJUnit4ClassRunner.runChild(BlockJUnit4ClassRunner.java:49)
	at org.junit.runners.ParentRunner$3.run(ParentRunner.java:193)
	at org.junit.runners.ParentRunner$1.schedule(ParentRunner.java:52)
	at org.junit.runners.ParentRunner.runChildren(ParentRunner.java:191)
	at org.junit.runners.ParentRunner.access$000(ParentRunner.java:42)
	at org.junit.runners.ParentRunner$2.evaluate(ParentRunner.java:184)
	at org.junit.runners.ParentRunner.run(ParentRunner.java:236)
	at org.apache.maven.surefire.junit4.JUnit4TestSet.execute(JUnit4TestSet.java:53)
	at org.apache.maven.surefire.junit4.JUnit4Provider.executeTestSet(JUnit4Provider.java:123)
	at org.apache.maven.surefire.junit4.JUnit4Provider.invoke(JUnit4Provider.java:104)
	at sun.reflect.NativeMethodAccessorImpl.invoke0(Native Method)
	at sun.reflect.NativeMethodAccessorImpl.invoke(NativeMethodAccessorImpl.java:57)
	at sun.reflect.DelegatingMethodAccessorImpl.invoke(DelegatingMethodAccessorImpl.java:43)
	at java.lang.reflect.Method.invoke(Method.java:601)
	at org.apache.maven.surefire.util.ReflectionUtils.invokeMethodWithArray(ReflectionUtils.java:164)
	at org.apache.maven.surefire.booter.ProviderFactory$ProviderProxy.invoke(ProviderFactory.java:110)
	at org.apache.maven.surefire.booter.SurefireStarter.invokeProvider(SurefireStarter.java:172)
	at org.apache.maven.surefire.booter.SurefireStarter.runSuitesInProcessWhenForked(SurefireStarter.java:104)
	at org.apache.maven.surefire.booter.ForkedBooter.main(ForkedBooter.java:70)
11:06:23 1 AbstractBlockChain.add: 0c56f83a703e41be6f417429feadcf7682067d41d535858fac8799bb41980bf9
11:06:23 1 AbstractBlockChain.add: Failed to verify block: 
com.google.casinocoin.core.VerificationException: Block had no transactions
	at com.google.casinocoin.core.Block.verifyTransactions(Block.java:761)
	at com.google.casinocoin.core.AbstractBlockChain.add(AbstractBlockChain.java:335)
	at com.google.casinocoin.core.AbstractBlockChain.add(AbstractBlockChain.java:213)
	at com.google.casinocoin.core.FullPrunedBlockChainTest.testGeneratedChain(FullPrunedBlockChainTest.java:78)
	at sun.reflect.NativeMethodAccessorImpl.invoke0(Native Method)
	at sun.reflect.NativeMethodAccessorImpl.invoke(NativeMethodAccessorImpl.java:57)
	at sun.reflect.DelegatingMethodAccessorImpl.invoke(DelegatingMethodAccessorImpl.java:43)
	at java.lang.reflect.Method.invoke(Method.java:601)
	at org.junit.runners.model.FrameworkMethod$1.runReflectiveCall(FrameworkMethod.java:44)
	at org.junit.internal.runners.model.ReflectiveCallable.run(ReflectiveCallable.java:15)
	at org.junit.runners.model.FrameworkMethod.invokeExplosively(FrameworkMethod.java:41)
	at org.junit.internal.runners.statements.InvokeMethod.evaluate(InvokeMethod.java:20)
	at org.junit.internal.runners.statements.RunBefores.evaluate(RunBefores.java:28)
	at org.junit.internal.runners.statements.RunAfters.evaluate(RunAfters.java:31)
	at org.junit.runners.BlockJUnit4ClassRunner.runNotIgnored(BlockJUnit4ClassRunner.java:79)
	at org.junit.runners.BlockJUnit4ClassRunner.runChild(BlockJUnit4ClassRunner.java:71)
	at org.junit.runners.BlockJUnit4ClassRunner.runChild(BlockJUnit4ClassRunner.java:49)
	at org.junit.runners.ParentRunner$3.run(ParentRunner.java:193)
	at org.junit.runners.ParentRunner$1.schedule(ParentRunner.java:52)
	at org.junit.runners.ParentRunner.runChildren(ParentRunner.java:191)
	at org.junit.runners.ParentRunner.access$000(ParentRunner.java:42)
	at org.junit.runners.ParentRunner$2.evaluate(ParentRunner.java:184)
	at org.junit.runners.ParentRunner.run(ParentRunner.java:236)
	at org.apache.maven.surefire.junit4.JUnit4TestSet.execute(JUnit4TestSet.java:53)
	at org.apache.maven.surefire.junit4.JUnit4Provider.executeTestSet(JUnit4Provider.java:123)
	at org.apache.maven.surefire.junit4.JUnit4Provider.invoke(JUnit4Provider.java:104)
	at sun.reflect.NativeMethodAccessorImpl.invoke0(Native Method)
	at sun.reflect.NativeMethodAccessorImpl.invoke(NativeMethodAccessorImpl.java:57)
	at sun.reflect.DelegatingMethodAccessorImpl.invoke(DelegatingMethodAccessorImpl.java:43)
	at java.lang.reflect.Method.invoke(Method.java:601)
	at org.apache.maven.surefire.util.ReflectionUtils.invokeMethodWithArray(ReflectionUtils.java:164)
	at org.apache.maven.surefire.booter.ProviderFactory$ProviderProxy.invoke(ProviderFactory.java:110)
	at org.apache.maven.surefire.booter.SurefireStarter.invokeProvider(SurefireStarter.java:172)
	at org.apache.maven.surefire.booter.SurefireStarter.runSuitesInProcessWhenForked(SurefireStarter.java:104)
	at org.apache.maven.surefire.booter.ForkedBooter.main(ForkedBooter.java:70)
11:06:23 1 AbstractBlockChain.add: 47e6f52ca49f5f731b534eeb7829cdbd930ac0b694c922004b3206e307261722
11:06:23 1 FullPrunedBlockChainTest.testGeneratedChain: Block didn&apos;t match connects flag on block b47
</system-err>
  </testcase>
  <testcase time="0.127" classname="com.google.casinocoin.core.FullPrunedBlockChainTest" name="testFinalizedBlocks"/>
</testsuite>