<?xml version="1.0" encoding="UTF-8" ?>
<testsuite failures="1" time="0.416" errors="0" skipped="0" tests="11" name="com.google.casinocoin.core.PeerGroupTest">
  <properties>
    <property name="java.runtime.name" value="Java(TM) SE Runtime Environment"/>
    <property name="sun.boot.library.path" value="C:\Program Files\Java\jdk1.7.0_03\jre\bin"/>
    <property name="java.vm.version" value="22.1-b02"/>
    <property name="java.vm.vendor" value="Oracle Corporation"/>
    <property name="java.vendor.url" value="http://java.oracle.com/"/>
    <property name="path.separator" value=";"/>
    <property name="guice.disable.misplaced.annotation.check" value="true"/>
    <property name="java.vm.name" value="Java HotSpot(TM) 64-Bit Server VM"/>
    <property name="file.encoding.pkg" value="sun.io"/>
    <property name="user.script" value=""/>
    <property name="user.country" value="US"/>
    <property name="sun.java.launcher" value="SUN_STANDARD"/>
    <property name="sun.os.patch.level" value="Service Pack 1"/>
    <property name="java.vm.specification.name" value="Java Virtual Machine Specification"/>
    <property name="user.dir" value="E:\crypto\java\casinocoinj"/>
    <property name="java.runtime.version" value="1.7.0_03-b05"/>
    <property name="java.awt.graphicsenv" value="sun.awt.Win32GraphicsEnvironment"/>
    <property name="java.endorsed.dirs" value="C:\Program Files\Java\jdk1.7.0_03\jre\lib\endorsed"/>
    <property name="os.arch" value="amd64"/>
    <property name="java.io.tmpdir" value="C:\Users\SPYDER~1\AppData\Local\Temp\"/>
    <property name="line.separator" value="
"/>
    <property name="java.vm.specification.vendor" value="Oracle Corporation"/>
    <property name="user.variant" value=""/>
    <property name="os.name" value="Windows 7"/>
    <property name="classworlds.conf" value="C:\Program Files\apache-maven\bin\..\bin\m2.conf"/>
    <property name="sun.jnu.encoding" value="Cp1252"/>
    <property name="java.library.path" value="C:\Program Files\Java\jdk1.7.0_03\bin;C:\Windows\Sun\Java\bin;C:\Windows\system32;C:\Windows;C:\Perl64\site\bin;C:\Perl64\bin;C:\Program Files (x86)\Intel\iCLS Client\;C:\Program Files\Intel\iCLS Client\;C:\Windows\system32;C:\Windows;C:\Windows\System32\Wbem;C:\Windows\System32\WindowsPowerShell\v1.0\;C:\Program Files (x86)\Intel\OpenCL SDK\2.0\bin\x86;C:\Program Files (x86)\Intel\OpenCL SDK\2.0\bin\x64;C:\Program Files (x86)\ATI Technologies\ATI.ACE\Core-Static;C:\Program Files\Intel\Intel(R) Management Engine Components\DAL;C:\Program Files\Intel\Intel(R) Management Engine Components\IPT;C:\Program Files (x86)\Intel\Intel(R) Management Engine Components\DAL;C:\Program Files (x86)\Intel\Intel(R) Management Engine Components\IPT;C:\Program Files (x86)\Calibre2\;C:\cygwin\bin;E:\web\xampp\mysql\bin;C:\Program Files (x86)\Common Files\Acronis\SnapAPI\;E:\web\xampp\php;C:\MinGW\bin;C:\Program Files (x86)\Common Files\Adobe\AGL;C:\Program Files\apache-maven\bin;."/>
    <property name="java.specification.name" value="Java Platform API Specification"/>
    <property name="java.class.version" value="51.0"/>
    <property name="sun.management.compiler" value="HotSpot 64-Bit Tiered Compilers"/>
    <property name="os.version" value="6.1"/>
    <property name="user.home" value="C:\Users\SpyderRoll"/>
    <property name="user.timezone" value="America/Denver"/>
    <property name="java.awt.printerjob" value="sun.awt.windows.WPrinterJob"/>
    <property name="java.specification.version" value="1.7"/>
    <property name="file.encoding" value="Cp1252"/>
    <property name="user.name" value="SpyderRoll"/>
    <property name="java.class.path" value="C:\Program Files\apache-maven\bin\..\boot\plexus-classworlds-2.4.2.jar"/>
    <property name="org.slf4j.simpleLogger.defaultLogLevel" value="info"/>
    <property name="java.vm.specification.version" value="1.7"/>
    <property name="sun.arch.data.model" value="64"/>
    <property name="java.home" value="C:\Program Files\Java\jdk1.7.0_03\jre"/>
    <property name="sun.java.command" value="org.codehaus.plexus.classworlds.launcher.Launcher clean package"/>
    <property name="java.specification.vendor" value="Oracle Corporation"/>
    <property name="user.language" value="en"/>
    <property name="awt.toolkit" value="sun.awt.windows.WToolkit"/>
    <property name="java.vm.info" value="mixed mode"/>
    <property name="java.version" value="1.7.0_03"/>
    <property name="java.ext.dirs" value="C:\Program Files\Java\jdk1.7.0_03\jre\lib\ext;C:\Windows\Sun\Java\lib\ext"/>
    <property name="sun.boot.class.path" value="C:\Program Files\Java\jdk1.7.0_03\jre\lib\resources.jar;C:\Program Files\Java\jdk1.7.0_03\jre\lib\rt.jar;C:\Program Files\Java\jdk1.7.0_03\jre\lib\sunrsasign.jar;C:\Program Files\Java\jdk1.7.0_03\jre\lib\jsse.jar;C:\Program Files\Java\jdk1.7.0_03\jre\lib\jce.jar;C:\Program Files\Java\jdk1.7.0_03\jre\lib\charsets.jar;C:\Program Files\Java\jdk1.7.0_03\jre\classes"/>
    <property name="java.vendor" value="Oracle Corporation"/>
    <property name="maven.home" value="C:\Program Files\apache-maven\bin\.."/>
    <property name="file.separator" value="\"/>
    <property name="java.vendor.url.bug" value="http://bugreport.sun.com/bugreport/"/>
    <property name="sun.cpu.endian" value="little"/>
    <property name="sun.io.unicode.encoding" value="UnicodeLittle"/>
    <property name="sun.desktop" value="windows"/>
    <property name="sun.cpu.isalist" value="amd64"/>
  </properties>
  <testcase time="0.062" classname="com.google.casinocoin.core.PeerGroupTest" name="listener"/>
  <testcase time="0.026" classname="com.google.casinocoin.core.PeerGroupTest" name="peerDiscoveryPolling"/>
  <testcase time="0.032" classname="com.google.casinocoin.core.PeerGroupTest" name="receiveTxBroadcast"/>
  <testcase time="0.039" classname="com.google.casinocoin.core.PeerGroupTest" name="singleDownloadPeer1"/>
  <testcase time="0.035" classname="com.google.casinocoin.core.PeerGroupTest" name="singleDownloadPeer2"/>
  <testcase time="0.019" classname="com.google.casinocoin.core.PeerGroupTest" name="testWalletCatchupTime"/>
  <testcase time="0.022" classname="com.google.casinocoin.core.PeerGroupTest" name="downloadPeerSelection"/>
  <testcase time="0.014" classname="com.google.casinocoin.core.PeerGroupTest" name="transactionConfidence"/>
  <testcase time="0.049" classname="com.google.casinocoin.core.PeerGroupTest" name="announce">
    <failure type="java.lang.AssertionError:">java.lang.AssertionError: 
	at org.junit.Assert.fail(Assert.java:91)
	at org.junit.Assert.assertTrue(Assert.java:43)
	at org.junit.Assert.assertTrue(Assert.java:54)
	at com.google.casinocoin.core.PeerGroupTest.announce(PeerGroupTest.java:314)
	at sun.reflect.NativeMethodAccessorImpl.invoke0(Native Method)
	at sun.reflect.NativeMethodAccessorImpl.invoke(NativeMethodAccessorImpl.java:57)
	at sun.reflect.DelegatingMethodAccessorImpl.invoke(DelegatingMethodAccessorImpl.java:43)
	at java.lang.reflect.Method.invoke(Method.java:601)
	at org.junit.runners.model.FrameworkMethod$1.runReflectiveCall(FrameworkMethod.java:44)
	at org.junit.internal.runners.model.ReflectiveCallable.run(ReflectiveCallable.java:15)
	at org.junit.runners.model.FrameworkMethod.invokeExplosively(FrameworkMethod.java:41)
	at org.junit.internal.runners.statements.InvokeMethod.evaluate(InvokeMethod.java:20)
	at org.junit.internal.runners.statements.RunBefores.evaluate(RunBefores.java:28)
	at org.junit.internal.runners.statements.RunAfters.evaluate(RunAfters.java:31)
	at org.junit.runners.BlockJUnit4ClassRunner.runNotIgnored(BlockJUnit4ClassRunner.java:79)
	at org.junit.runners.BlockJUnit4ClassRunner.runChild(BlockJUnit4ClassRunner.java:71)
	at org.junit.runners.BlockJUnit4ClassRunner.runChild(BlockJUnit4ClassRunner.java:49)
	at org.junit.runners.ParentRunner$3.run(ParentRunner.java:193)
	at org.junit.runners.ParentRunner$1.schedule(ParentRunner.java:52)
	at org.junit.runners.ParentRunner.runChildren(ParentRunner.java:191)
	at org.junit.runners.ParentRunner.access$000(ParentRunner.java:42)
	at org.junit.runners.ParentRunner$2.evaluate(ParentRunner.java:184)
	at org.junit.runners.ParentRunner.run(ParentRunner.java:236)
	at org.apache.maven.surefire.junit4.JUnit4TestSet.execute(JUnit4TestSet.java:53)
	at org.apache.maven.surefire.junit4.JUnit4Provider.executeTestSet(JUnit4Provider.java:123)
	at org.apache.maven.surefire.junit4.JUnit4Provider.invoke(JUnit4Provider.java:104)
	at sun.reflect.NativeMethodAccessorImpl.invoke0(Native Method)
	at sun.reflect.NativeMethodAccessorImpl.invoke(NativeMethodAccessorImpl.java:57)
	at sun.reflect.DelegatingMethodAccessorImpl.invoke(DelegatingMethodAccessorImpl.java:43)
	at java.lang.reflect.Method.invoke(Method.java:601)
	at org.apache.maven.surefire.util.ReflectionUtils.invokeMethodWithArray(ReflectionUtils.java:164)
	at org.apache.maven.surefire.booter.ProviderFactory$ProviderProxy.invoke(ProviderFactory.java:110)
	at org.apache.maven.surefire.booter.SurefireStarter.invokeProvider(SurefireStarter.java:172)
	at org.apache.maven.surefire.booter.SurefireStarter.runSuitesInProcessWhenForked(SurefireStarter.java:104)
	at org.apache.maven.surefire.booter.ForkedBooter.main(ForkedBooter.java:70)
</failure>
    <system-err>11:06:24 1 AbstractBlockChain.&lt;init&gt;: chain head is at height 0:
v1 block: 
   previous block: 0000000000000000000000000000000000000000000000000000000000000000
   merkle root: 6b56c40297ea6ebf5845595e3464ebc4db4c7cdcebd5eda9d44a1684b63c68c0
   time: [1375419978] Thu Aug 01 23:06:18 MDT 2013
   difficulty target (nBits): 545259519
   nonce: 2

11:06:24 1 PeerGroup.handleNewPeer: [127.0.0.1]:2001: New peer
11:06:24 1 PeerGroup.setDownloadPeer: Setting download peer: [127.0.0.1]:2001
11:06:24 1 PeerGroup.handleNewPeer: [127.0.0.1]:2002: New peer
11:06:24 1 Peer.setBloomFilter: [127.0.0.1]:2002: Sending Bloom filter and querying mempool
11:06:24 1 Wallet.receive: Received tx  for 50.00 CSC: 9e6dece05c97d7f053793c6e00cef712e352f7dcbf7eadd7e9792ea971d62b57
11:06:24 1 Wallet.processTxFromBestChain:   new tx 9e6dece05c97d7f053793c6e00cef712e352f7dcbf7eadd7e9792ea971d62b57 -&gt;unspent
11:06:24 1 Wallet.receive: Balance is now: 50.00
11:06:24 1 Wallet.completeTx: Completing send tx with 1 outputs totalling 1.00
11:06:24 1 Wallet.completeTx:   with 49.00 coins change
11:06:24 1 Wallet.completeTx:   completed 9be143c12f926a983e075855e856bc3b24e0cc626410e6581139d3f858dd954a with 1 inputs
11:06:24 1 Wallet.commitTx: commitTx of 9be143c12f926a983e075855e856bc3b24e0cc626410e6581139d3f858dd954a
11:06:24 1 Wallet.maybeMovePool:   9e6dece05c97d7f053793c6e00cef712e352f7dcbf7eadd7e9792ea971d62b57 prevtx &lt;-unspent -&gt;spent
11:06:24 1 Wallet.commitTx: -&gt;pending: 9be143c12f926a983e075855e856bc3b24e0cc626410e6581139d3f858dd954a
11:06:24 1 PeerGroup.broadcastTransaction: Waiting for 2 peers required for broadcast ...
11:06:24 1 PeerGroup$7.run: broadcastTransaction: Enough peers, adding 9be143c12f926a983e075855e856bc3b24e0cc626410e6581139d3f858dd954a to the memory pool and sending to [127.0.0.1]:2001
11:06:24 1 PeerGroup$7$1.onConfidenceChanged: broadcastTransaction: TX 9be143c12f926a983e075855e856bc3b24e0cc626410e6581139d3f858dd954a seen by 2 peers
11:06:24 1 PeerGroup$7$1.onConfidenceChanged: broadcastTransaction: 9be143c12f926a983e075855e856bc3b24e0cc626410e6581139d3f858dd954a complete
11:06:24 1 Wallet.receive: Received tx  for -1.00 CSC: 9be143c12f926a983e075855e856bc3b24e0cc626410e6581139d3f858dd954a
11:06:24 1 Wallet.receive:   &lt;-pending
11:06:24 1 Wallet.receive:   -&gt;unspent
11:06:24 1 Wallet.receive: Balance is now: 49.00
11:06:24 1 Wallet.completeTx: Completing send tx with 1 outputs totalling 2.00
11:06:24 1 Wallet.completeTx:   with 47.00 coins change
11:06:24 1 Wallet.completeTx:   completed e44fa111469ef29c3794aaa335efa25dbb689ce0587392389ce0f0e4a2589d1a with 1 inputs
11:06:24 1 Wallet.commitTx: commitTx of e44fa111469ef29c3794aaa335efa25dbb689ce0587392389ce0f0e4a2589d1a
11:06:24 1 Wallet.maybeMovePool:   9be143c12f926a983e075855e856bc3b24e0cc626410e6581139d3f858dd954a prevtx &lt;-unspent -&gt;spent
11:06:24 1 Wallet.commitTx: -&gt;pending: e44fa111469ef29c3794aaa335efa25dbb689ce0587392389ce0f0e4a2589d1a
11:06:24 1 PeerGroup.announcePendingWalletTransactions: [127.0.0.1]:2001: Announcing 1 pending wallet transactions
11:06:24 1 PeerGroup.announcePendingWalletTransactions: [127.0.0.1]:2002: Announcing 1 pending wallet transactions
11:06:24 1 Peer.setBloomFilter: [127.0.0.1]:2002: Sending Bloom filter and querying mempool
</system-err>
  </testcase>
  <testcase time="0.009" classname="com.google.casinocoin.core.PeerGroupTest" name="noPings"/>
  <testcase time="0.107" classname="com.google.casinocoin.core.PeerGroupTest" name="pings"/>
</testsuite>